mode: atomic
github.com/hashknife/common/services/tile38.go:50.37,54.2 1 1
github.com/hashknife/common/services/tile38.go:57.41,61.36 1 1
github.com/hashknife/common/services/tile38.go:61.36,63.18 2 0
github.com/hashknife/common/services/tile38.go:66.4,66.17 1 0
github.com/hashknife/common/services/tile38.go:63.18,65.5 1 0
github.com/hashknife/common/services/tile38.go:68.55,71.4 2 0
github.com/hashknife/common/services/tile38.go:76.66,80.16 4 0
github.com/hashknife/common/services/tile38.go:83.2,83.12 1 0
github.com/hashknife/common/services/tile38.go:80.16,82.3 1 0
github.com/hashknife/common/services/tile38.go:87.55,91.16 4 0
github.com/hashknife/common/services/tile38.go:94.2,94.12 1 0
github.com/hashknife/common/services/tile38.go:91.16,93.3 1 0
github.com/hashknife/common/services/tile38.go:98.83,102.16 4 0
github.com/hashknife/common/services/tile38.go:105.2,105.12 1 0
github.com/hashknife/common/services/tile38.go:102.16,104.3 1 0
github.com/hashknife/common/services/tile38.go:109.71,113.16 4 0
github.com/hashknife/common/services/tile38.go:116.2,116.12 1 0
github.com/hashknife/common/services/tile38.go:113.16,115.3 1 0
github.com/hashknife/common/services/tile38.go:120.88,124.16 4 0
github.com/hashknife/common/services/tile38.go:127.2,128.29 2 0
github.com/hashknife/common/services/tile38.go:133.2,134.16 2 0
github.com/hashknife/common/services/tile38.go:137.2,137.22 1 0
github.com/hashknife/common/services/tile38.go:124.16,126.3 1 0
github.com/hashknife/common/services/tile38.go:128.29,129.49 1 0
github.com/hashknife/common/services/tile38.go:129.49,131.4 1 0
github.com/hashknife/common/services/tile38.go:134.16,136.3 1 0
github.com/hashknife/common/services/tile38.go:141.43,144.2 1 0
github.com/hashknife/common/services/tile38.go:147.79,150.13 3 0
github.com/hashknife/common/services/tile38.go:164.2,165.16 2 0
github.com/hashknife/common/services/tile38.go:168.2,168.12 1 0
github.com/hashknife/common/services/tile38.go:151.13,154.17 3 0
github.com/hashknife/common/services/tile38.go:157.3,157.30 1 0
github.com/hashknife/common/services/tile38.go:162.3,162.13 1 0
github.com/hashknife/common/services/tile38.go:154.17,156.4 1 0
github.com/hashknife/common/services/tile38.go:157.30,158.49 1 0
github.com/hashknife/common/services/tile38.go:158.49,160.5 1 0
github.com/hashknife/common/services/tile38.go:165.16,167.3 1 0
