mode: atomic
github.com/briandowns/hashknife/geo-api/bindings/http.go:35.83,36.12 1 0
github.com/briandowns/hashknife/geo-api/bindings/http.go:36.12,45.3 6 0
github.com/briandowns/hashknife/geo-api/bindings/http.go:49.131,69.2 5 0
github.com/briandowns/hashknife/geo-api/bindings/http.go:72.69,73.12 1 0
github.com/briandowns/hashknife/geo-api/bindings/http.go:73.12,79.3 5 0
github.com/briandowns/hashknife/geo-api/bindings/http.go:83.113,93.2 3 2
github.com/briandowns/hashknife/geo-api/bindings/http.go:96.101,99.2 2 1
github.com/briandowns/hashknife/geo-api/bindings/http.go:102.93,105.2 2 0
github.com/briandowns/hashknife/geo-api/bindings/http.go:108.90,111.32 3 0
github.com/briandowns/hashknife/geo-api/bindings/http.go:114.2,115.32 2 0
github.com/briandowns/hashknife/geo-api/bindings/http.go:118.2,118.29 1 0
github.com/briandowns/hashknife/geo-api/bindings/http.go:111.32,113.3 1 0
github.com/briandowns/hashknife/geo-api/bindings/http.go:115.32,117.3 1 0
github.com/briandowns/hashknife/geo-api/bindings/http.go:122.92,123.19 1 0
github.com/briandowns/hashknife/geo-api/bindings/http.go:126.2,128.60 3 0
github.com/briandowns/hashknife/geo-api/bindings/http.go:131.2,132.32 2 0
github.com/briandowns/hashknife/geo-api/bindings/http.go:135.2,135.32 1 0
github.com/briandowns/hashknife/geo-api/bindings/http.go:138.2,138.30 1 0
github.com/briandowns/hashknife/geo-api/bindings/http.go:141.2,141.31 1 0
github.com/briandowns/hashknife/geo-api/bindings/http.go:144.2,144.17 1 0
github.com/briandowns/hashknife/geo-api/bindings/http.go:123.19,125.3 1 0
github.com/briandowns/hashknife/geo-api/bindings/http.go:128.60,130.3 1 0
github.com/briandowns/hashknife/geo-api/bindings/http.go:132.32,134.3 1 0
github.com/briandowns/hashknife/geo-api/bindings/http.go:135.32,137.3 1 0
github.com/briandowns/hashknife/geo-api/bindings/http.go:138.30,140.3 1 0
github.com/briandowns/hashknife/geo-api/bindings/http.go:141.31,143.3 1 0
github.com/briandowns/hashknife/geo-api/bindings/http.go:150.77,152.2 1 2
github.com/briandowns/hashknife/geo-api/bindings/http.go:155.47,157.2 1 0
