mode: atomic
github.com/briandowns/hashknife/geo-api/config/config.go:27.34,29.16 2 3
github.com/briandowns/hashknife/geo-api/config/config.go:33.2,33.18 1 3
github.com/briandowns/hashknife/geo-api/config/config.go:29.16,31.3 1 0
github.com/briandowns/hashknife/geo-api/config/config.go:38.56,40.16 2 1
github.com/briandowns/hashknife/geo-api/config/config.go:43.2,44.54 2 1
github.com/briandowns/hashknife/geo-api/config/config.go:47.2,47.16 1 1
github.com/briandowns/hashknife/geo-api/config/config.go:40.16,42.3 1 0
github.com/briandowns/hashknife/geo-api/config/config.go:44.54,46.3 1 0
