mode: atomic
github.com/briandowns/hashknife/geo-api/endpoints/healthcheck.go:24.60,26.2 1 1
github.com/briandowns/hashknife/geo-api/endpoints/healthcheck.go:29.92,31.2 1 1
github.com/briandowns/hashknife/geo-api/endpoints/courier.go:28.79,30.2 1 5
github.com/briandowns/hashknife/geo-api/endpoints/courier.go:60.92,62.9 2 2
github.com/briandowns/hashknife/geo-api/endpoints/courier.go:65.2,66.16 2 2
github.com/briandowns/hashknife/geo-api/endpoints/courier.go:69.2,69.85 1 1
github.com/briandowns/hashknife/geo-api/endpoints/courier.go:62.9,64.3 1 0
github.com/briandowns/hashknife/geo-api/endpoints/courier.go:66.16,68.3 1 1
github.com/briandowns/hashknife/geo-api/endpoints/courier.go:73.98,75.9 2 2
github.com/briandowns/hashknife/geo-api/endpoints/courier.go:78.2,80.90 3 2
github.com/briandowns/hashknife/geo-api/endpoints/courier.go:83.2,83.64 1 1
github.com/briandowns/hashknife/geo-api/endpoints/courier.go:75.9,77.3 1 0
github.com/briandowns/hashknife/geo-api/endpoints/courier.go:80.90,82.3 1 1
github.com/briandowns/hashknife/geo-api/endpoints/endpoints.go:20.88,26.2 1 2
github.com/briandowns/hashknife/geo-api/endpoints/endpoints.go:29.39,31.2 1 1
github.com/briandowns/hashknife/geo-api/endpoints/endpoints.go:34.58,38.22 2 0
github.com/briandowns/hashknife/geo-api/endpoints/endpoints.go:43.2,43.34 1 0
github.com/briandowns/hashknife/geo-api/endpoints/endpoints.go:38.22,39.37 1 0
github.com/briandowns/hashknife/geo-api/endpoints/endpoints.go:39.37,41.4 1 0
github.com/briandowns/hashknife/geo-api/endpoints/endpoints.go:47.67,50.54 3 0
github.com/briandowns/hashknife/geo-api/endpoints/endpoints.go:50.54,51.13 1 0
github.com/briandowns/hashknife/geo-api/endpoints/endpoints.go:57.40,62.2 1 1
